Using cache found in /homes/zdeng/.cache/torch/hub/chenyaofo_pytorch-cifar-models_master
Files already downloaded and verified
Files already downloaded and verified
Prepare 2bits model using MQBench
[MQBENCH] INFO: Quantize model Scheme: BackendType.Academic Mode: Eval
[MQBENCH] INFO: Weight Qconfig:
    FakeQuantize: FixedFakeQuantize Params: {}
    Oberver:      MSEObserver Params: Symmetric: True / Bitwidth: 2 / Per channel: False / Pot scale: False / Extra kwargs: {}
[MQBENCH] INFO: Activation Qconfig:
    FakeQuantize: FixedFakeQuantize Params: {}
    Oberver:      EMAMSEObserver Params: Symmetric: False / Bitwidth: 2 / Per channel: False / Pot scale: False / Extra kwargs: {}
[MQBENCH] INFO: Replace module to qat module.
[MQBENCH] INFO: Set layer conv1 to 8 bit.
[MQBENCH] INFO: Set layer fc to 8 bit.
dbg node_to_quantize_output
 odict_keys([x, relu, layer1_0_relu, layer1_0_relu_1, layer1_1_relu, layer1_1_relu_1, layer1_2_relu, layer1_2_relu_1, layer1_3_relu, layer1_3_relu_1, layer1_4_relu, layer1_4_relu_1, layer1_5_relu, layer1_5_relu_1, layer1_6_relu, layer1_6_relu_1, layer1_7_relu, layer1_7_relu_1, layer1_8_relu, layer1_8_relu_1, layer2_0_relu, layer2_0_relu_1, layer2_1_relu, layer2_1_relu_1, layer2_2_relu, layer2_2_relu_1, layer2_3_relu, layer2_3_relu_1, layer2_4_relu, layer2_4_relu_1, layer2_5_relu, layer2_5_relu_1, layer2_6_relu, layer2_6_relu_1, layer2_7_relu, layer2_7_relu_1, layer2_8_relu, layer2_8_relu_1, layer3_0_relu, layer3_0_relu_1, layer3_1_relu, layer3_1_relu_1, layer3_2_relu, layer3_2_relu_1, layer3_3_relu, layer3_3_relu_1, layer3_4_relu, layer3_4_relu_1, layer3_5_relu, layer3_5_relu_1, layer3_6_relu, layer3_6_relu_1, layer3_7_relu, layer3_7_relu_1, layer3_8_relu, view])
[MQBENCH] INFO: Set x post act quantize to 8 bit.
[MQBENCH] INFO: Insert act quant x_post_act_fake_quantizer
[MQBENCH] INFO: Insert act quant relu_post_act_fake_quantizer
[MQBENCH] INFO: Insert act quant layer1_0_relu_post_act_fake_quantizer
[MQBENCH] INFO: Insert act quant layer1_0_relu_1_post_act_fake_quantizer
[MQBENCH] INFO: Insert act quant layer1_1_relu_post_act_fake_quantizer
[MQBENCH] INFO: Insert act quant layer1_1_relu_1_post_act_fake_quantizer
[MQBENCH] INFO: Insert act quant layer1_2_relu_post_act_fake_quantizer
[MQBENCH] INFO: Insert act quant layer1_2_relu_1_post_act_fake_quantizer
[MQBENCH] INFO: Insert act quant layer1_3_relu_post_act_fake_quantizer
[MQBENCH] INFO: Insert act quant layer1_3_relu_1_post_act_fake_quantizer
[MQBENCH] INFO: Insert act quant layer1_4_relu_post_act_fake_quantizer
[MQBENCH] INFO: Insert act quant layer1_4_relu_1_post_act_fake_quantizer
[MQBENCH] INFO: Insert act quant layer1_5_relu_post_act_fake_quantizer
[MQBENCH] INFO: Insert act quant layer1_5_relu_1_post_act_fake_quantizer
[MQBENCH] INFO: Insert act quant layer1_6_relu_post_act_fake_quantizer
[MQBENCH] INFO: Insert act quant layer1_6_relu_1_post_act_fake_quantizer
[MQBENCH] INFO: Insert act quant layer1_7_relu_post_act_fake_quantizer
[MQBENCH] INFO: Insert act quant layer1_7_relu_1_post_act_fake_quantizer
[MQBENCH] INFO: Insert act quant layer1_8_relu_post_act_fake_quantizer
[MQBENCH] INFO: Insert act quant layer1_8_relu_1_post_act_fake_quantizer
[MQBENCH] INFO: Insert act quant layer2_0_relu_post_act_fake_quantizer
[MQBENCH] INFO: Insert act quant layer2_0_relu_1_post_act_fake_quantizer
[MQBENCH] INFO: Insert act quant layer2_1_relu_post_act_fake_quantizer
[MQBENCH] INFO: Insert act quant layer2_1_relu_1_post_act_fake_quantizer
[MQBENCH] INFO: Insert act quant layer2_2_relu_post_act_fake_quantizer
[MQBENCH] INFO: Insert act quant layer2_2_relu_1_post_act_fake_quantizer
[MQBENCH] INFO: Insert act quant layer2_3_relu_post_act_fake_quantizer
[MQBENCH] INFO: Insert act quant layer2_3_relu_1_post_act_fake_quantizer
[MQBENCH] INFO: Insert act quant layer2_4_relu_post_act_fake_quantizer
[MQBENCH] INFO: Insert act quant layer2_4_relu_1_post_act_fake_quantizer
[MQBENCH] INFO: Insert act quant layer2_5_relu_post_act_fake_quantizer
[MQBENCH] INFO: Insert act quant layer2_5_relu_1_post_act_fake_quantizer
[MQBENCH] INFO: Insert act quant layer2_6_relu_post_act_fake_quantizer
[MQBENCH] INFO: Insert act quant layer2_6_relu_1_post_act_fake_quantizer
[MQBENCH] INFO: Insert act quant layer2_7_relu_post_act_fake_quantizer
[MQBENCH] INFO: Insert act quant layer2_7_relu_1_post_act_fake_quantizer
[MQBENCH] INFO: Insert act quant layer2_8_relu_post_act_fake_quantizer
[MQBENCH] INFO: Insert act quant layer2_8_relu_1_post_act_fake_quantizer
[MQBENCH] INFO: Insert act quant layer3_0_relu_post_act_fake_quantizer
[MQBENCH] INFO: Insert act quant layer3_0_relu_1_post_act_fake_quantizer
[MQBENCH] INFO: Insert act quant layer3_1_relu_post_act_fake_quantizer
[MQBENCH] INFO: Insert act quant layer3_1_relu_1_post_act_fake_quantizer
[MQBENCH] INFO: Insert act quant layer3_2_relu_post_act_fake_quantizer
[MQBENCH] INFO: Insert act quant layer3_2_relu_1_post_act_fake_quantizer
[MQBENCH] INFO: Insert act quant layer3_3_relu_post_act_fake_quantizer
[MQBENCH] INFO: Insert act quant layer3_3_relu_1_post_act_fake_quantizer
[MQBENCH] INFO: Insert act quant layer3_4_relu_post_act_fake_quantizer
[MQBENCH] INFO: Insert act quant layer3_4_relu_1_post_act_fake_quantizer
[MQBENCH] INFO: Insert act quant layer3_5_relu_post_act_fake_quantizer
[MQBENCH] INFO: Insert act quant layer3_5_relu_1_post_act_fake_quantizer
[MQBENCH] INFO: Insert act quant layer3_6_relu_post_act_fake_quantizer
[MQBENCH] INFO: Insert act quant layer3_6_relu_1_post_act_fake_quantizer
[MQBENCH] INFO: Insert act quant layer3_7_relu_post_act_fake_quantizer
[MQBENCH] INFO: Insert act quant layer3_7_relu_1_post_act_fake_quantizer
[MQBENCH] INFO: Insert act quant layer3_8_relu_post_act_fake_quantizer
[MQBENCH] INFO: Set view post act quantize to 8 bit.
[MQBENCH] INFO: Insert act quant view_post_act_fake_quantizer
[MQBENCH] INFO: Enable observer and Disable quantize.
Prepare 4bits model using MQBench
[MQBENCH] INFO: Quantize model Scheme: BackendType.Academic Mode: Eval
[MQBENCH] INFO: Weight Qconfig:
    FakeQuantize: FixedFakeQuantize Params: {}
    Oberver:      MSEObserver Params: Symmetric: True / Bitwidth: 4 / Per channel: False / Pot scale: False / Extra kwargs: {}
[MQBENCH] INFO: Activation Qconfig:
    FakeQuantize: FixedFakeQuantize Params: {}
    Oberver:      EMAMSEObserver Params: Symmetric: False / Bitwidth: 4 / Per channel: False / Pot scale: False / Extra kwargs: {}
[MQBENCH] INFO: Replace module to qat module.
[MQBENCH] INFO: Set layer conv1 to 8 bit.
[MQBENCH] INFO: Set layer fc to 8 bit.
dbg node_to_quantize_output
 odict_keys([x, relu, layer1_0_relu, layer1_0_relu_1, layer1_1_relu, layer1_1_relu_1, layer1_2_relu, layer1_2_relu_1, layer1_3_relu, layer1_3_relu_1, layer1_4_relu, layer1_4_relu_1, layer1_5_relu, layer1_5_relu_1, layer1_6_relu, layer1_6_relu_1, layer1_7_relu, layer1_7_relu_1, layer1_8_relu, layer1_8_relu_1, layer2_0_relu, layer2_0_relu_1, layer2_1_relu, layer2_1_relu_1, layer2_2_relu, layer2_2_relu_1, layer2_3_relu, layer2_3_relu_1, layer2_4_relu, layer2_4_relu_1, layer2_5_relu, layer2_5_relu_1, layer2_6_relu, layer2_6_relu_1, layer2_7_relu, layer2_7_relu_1, layer2_8_relu, layer2_8_relu_1, layer3_0_relu, layer3_0_relu_1, layer3_1_relu, layer3_1_relu_1, layer3_2_relu, layer3_2_relu_1, layer3_3_relu, layer3_3_relu_1, layer3_4_relu, layer3_4_relu_1, layer3_5_relu, layer3_5_relu_1, layer3_6_relu, layer3_6_relu_1, layer3_7_relu, layer3_7_relu_1, layer3_8_relu, view])
[MQBENCH] INFO: Set x post act quantize to 8 bit.
[MQBENCH] INFO: Insert act quant x_post_act_fake_quantizer
[MQBENCH] INFO: Insert act quant relu_post_act_fake_quantizer
[MQBENCH] INFO: Insert act quant layer1_0_relu_post_act_fake_quantizer
[MQBENCH] INFO: Insert act quant layer1_0_relu_1_post_act_fake_quantizer
[MQBENCH] INFO: Insert act quant layer1_1_relu_post_act_fake_quantizer
[MQBENCH] INFO: Insert act quant layer1_1_relu_1_post_act_fake_quantizer
[MQBENCH] INFO: Insert act quant layer1_2_relu_post_act_fake_quantizer
[MQBENCH] INFO: Insert act quant layer1_2_relu_1_post_act_fake_quantizer
[MQBENCH] INFO: Insert act quant layer1_3_relu_post_act_fake_quantizer
[MQBENCH] INFO: Insert act quant layer1_3_relu_1_post_act_fake_quantizer
[MQBENCH] INFO: Insert act quant layer1_4_relu_post_act_fake_quantizer
[MQBENCH] INFO: Insert act quant layer1_4_relu_1_post_act_fake_quantizer
[MQBENCH] INFO: Insert act quant layer1_5_relu_post_act_fake_quantizer
[MQBENCH] INFO: Insert act quant layer1_5_relu_1_post_act_fake_quantizer
[MQBENCH] INFO: Insert act quant layer1_6_relu_post_act_fake_quantizer
[MQBENCH] INFO: Insert act quant layer1_6_relu_1_post_act_fake_quantizer
[MQBENCH] INFO: Insert act quant layer1_7_relu_post_act_fake_quantizer
[MQBENCH] INFO: Insert act quant layer1_7_relu_1_post_act_fake_quantizer
[MQBENCH] INFO: Insert act quant layer1_8_relu_post_act_fake_quantizer
[MQBENCH] INFO: Insert act quant layer1_8_relu_1_post_act_fake_quantizer
[MQBENCH] INFO: Insert act quant layer2_0_relu_post_act_fake_quantizer
[MQBENCH] INFO: Insert act quant layer2_0_relu_1_post_act_fake_quantizer
[MQBENCH] INFO: Insert act quant layer2_1_relu_post_act_fake_quantizer
[MQBENCH] INFO: Insert act quant layer2_1_relu_1_post_act_fake_quantizer
[MQBENCH] INFO: Insert act quant layer2_2_relu_post_act_fake_quantizer
[MQBENCH] INFO: Insert act quant layer2_2_relu_1_post_act_fake_quantizer
[MQBENCH] INFO: Insert act quant layer2_3_relu_post_act_fake_quantizer
[MQBENCH] INFO: Insert act quant layer2_3_relu_1_post_act_fake_quantizer
[MQBENCH] INFO: Insert act quant layer2_4_relu_post_act_fake_quantizer
[MQBENCH] INFO: Insert act quant layer2_4_relu_1_post_act_fake_quantizer
[MQBENCH] INFO: Insert act quant layer2_5_relu_post_act_fake_quantizer
[MQBENCH] INFO: Insert act quant layer2_5_relu_1_post_act_fake_quantizer
[MQBENCH] INFO: Insert act quant layer2_6_relu_post_act_fake_quantizer
[MQBENCH] INFO: Insert act quant layer2_6_relu_1_post_act_fake_quantizer
[MQBENCH] INFO: Insert act quant layer2_7_relu_post_act_fake_quantizer
[MQBENCH] INFO: Insert act quant layer2_7_relu_1_post_act_fake_quantizer
[MQBENCH] INFO: Insert act quant layer2_8_relu_post_act_fake_quantizer
[MQBENCH] INFO: Insert act quant layer2_8_relu_1_post_act_fake_quantizer
[MQBENCH] INFO: Insert act quant layer3_0_relu_post_act_fake_quantizer
[MQBENCH] INFO: Insert act quant layer3_0_relu_1_post_act_fake_quantizer
[MQBENCH] INFO: Insert act quant layer3_1_relu_post_act_fake_quantizer
[MQBENCH] INFO: Insert act quant layer3_1_relu_1_post_act_fake_quantizer
[MQBENCH] INFO: Insert act quant layer3_2_relu_post_act_fake_quantizer
[MQBENCH] INFO: Insert act quant layer3_2_relu_1_post_act_fake_quantizer
[MQBENCH] INFO: Insert act quant layer3_3_relu_post_act_fake_quantizer
[MQBENCH] INFO: Insert act quant layer3_3_relu_1_post_act_fake_quantizer
[MQBENCH] INFO: Insert act quant layer3_4_relu_post_act_fake_quantizer
[MQBENCH] INFO: Insert act quant layer3_4_relu_1_post_act_fake_quantizer
[MQBENCH] INFO: Insert act quant layer3_5_relu_post_act_fake_quantizer
[MQBENCH] INFO: Insert act quant layer3_5_relu_1_post_act_fake_quantizer
[MQBENCH] INFO: Insert act quant layer3_6_relu_post_act_fake_quantizer
[MQBENCH] INFO: Insert act quant layer3_6_relu_1_post_act_fake_quantizer
[MQBENCH] INFO: Insert act quant layer3_7_relu_post_act_fake_quantizer
[MQBENCH] INFO: Insert act quant layer3_7_relu_1_post_act_fake_quantizer
[MQBENCH] INFO: Insert act quant layer3_8_relu_post_act_fake_quantizer
[MQBENCH] INFO: Set view post act quantize to 8 bit.
[MQBENCH] INFO: Insert act quant view_post_act_fake_quantizer
[MQBENCH] INFO: Enable observer and Disable quantize.
Prepare 8bits model using MQBench
[MQBENCH] INFO: Quantize model Scheme: BackendType.Academic Mode: Eval
[MQBENCH] INFO: Weight Qconfig:
    FakeQuantize: FixedFakeQuantize Params: {}
    Oberver:      MSEObserver Params: Symmetric: True / Bitwidth: 8 / Per channel: False / Pot scale: False / Extra kwargs: {}
[MQBENCH] INFO: Activation Qconfig:
    FakeQuantize: FixedFakeQuantize Params: {}
    Oberver:      EMAMSEObserver Params: Symmetric: False / Bitwidth: 8 / Per channel: False / Pot scale: False / Extra kwargs: {}
[MQBENCH] INFO: Replace module to qat module.
[MQBENCH] INFO: Set layer conv1 to 8 bit.
[MQBENCH] INFO: Set layer fc to 8 bit.
dbg node_to_quantize_output
 odict_keys([x, relu, layer1_0_relu, layer1_0_relu_1, layer1_1_relu, layer1_1_relu_1, layer1_2_relu, layer1_2_relu_1, layer1_3_relu, layer1_3_relu_1, layer1_4_relu, layer1_4_relu_1, layer1_5_relu, layer1_5_relu_1, layer1_6_relu, layer1_6_relu_1, layer1_7_relu, layer1_7_relu_1, layer1_8_relu, layer1_8_relu_1, layer2_0_relu, layer2_0_relu_1, layer2_1_relu, layer2_1_relu_1, layer2_2_relu, layer2_2_relu_1, layer2_3_relu, layer2_3_relu_1, layer2_4_relu, layer2_4_relu_1, layer2_5_relu, layer2_5_relu_1, layer2_6_relu, layer2_6_relu_1, layer2_7_relu, layer2_7_relu_1, layer2_8_relu, layer2_8_relu_1, layer3_0_relu, layer3_0_relu_1, layer3_1_relu, layer3_1_relu_1, layer3_2_relu, layer3_2_relu_1, layer3_3_relu, layer3_3_relu_1, layer3_4_relu, layer3_4_relu_1, layer3_5_relu, layer3_5_relu_1, layer3_6_relu, layer3_6_relu_1, layer3_7_relu, layer3_7_relu_1, layer3_8_relu, view])
[MQBENCH] INFO: Set x post act quantize to 8 bit.
[MQBENCH] INFO: Insert act quant x_post_act_fake_quantizer
[MQBENCH] INFO: Insert act quant relu_post_act_fake_quantizer
[MQBENCH] INFO: Insert act quant layer1_0_relu_post_act_fake_quantizer
[MQBENCH] INFO: Insert act quant layer1_0_relu_1_post_act_fake_quantizer
[MQBENCH] INFO: Insert act quant layer1_1_relu_post_act_fake_quantizer
[MQBENCH] INFO: Insert act quant layer1_1_relu_1_post_act_fake_quantizer
[MQBENCH] INFO: Insert act quant layer1_2_relu_post_act_fake_quantizer
[MQBENCH] INFO: Insert act quant layer1_2_relu_1_post_act_fake_quantizer
[MQBENCH] INFO: Insert act quant layer1_3_relu_post_act_fake_quantizer
[MQBENCH] INFO: Insert act quant layer1_3_relu_1_post_act_fake_quantizer
[MQBENCH] INFO: Insert act quant layer1_4_relu_post_act_fake_quantizer
[MQBENCH] INFO: Insert act quant layer1_4_relu_1_post_act_fake_quantizer
[MQBENCH] INFO: Insert act quant layer1_5_relu_post_act_fake_quantizer
[MQBENCH] INFO: Insert act quant layer1_5_relu_1_post_act_fake_quantizer
[MQBENCH] INFO: Insert act quant layer1_6_relu_post_act_fake_quantizer
[MQBENCH] INFO: Insert act quant layer1_6_relu_1_post_act_fake_quantizer
[MQBENCH] INFO: Insert act quant layer1_7_relu_post_act_fake_quantizer
[MQBENCH] INFO: Insert act quant layer1_7_relu_1_post_act_fake_quantizer
[MQBENCH] INFO: Insert act quant layer1_8_relu_post_act_fake_quantizer
[MQBENCH] INFO: Insert act quant layer1_8_relu_1_post_act_fake_quantizer
[MQBENCH] INFO: Insert act quant layer2_0_relu_post_act_fake_quantizer
[MQBENCH] INFO: Insert act quant layer2_0_relu_1_post_act_fake_quantizer
[MQBENCH] INFO: Insert act quant layer2_1_relu_post_act_fake_quantizer
[MQBENCH] INFO: Insert act quant layer2_1_relu_1_post_act_fake_quantizer
[MQBENCH] INFO: Insert act quant layer2_2_relu_post_act_fake_quantizer
[MQBENCH] INFO: Insert act quant layer2_2_relu_1_post_act_fake_quantizer
[MQBENCH] INFO: Insert act quant layer2_3_relu_post_act_fake_quantizer
[MQBENCH] INFO: Insert act quant layer2_3_relu_1_post_act_fake_quantizer
[MQBENCH] INFO: Insert act quant layer2_4_relu_post_act_fake_quantizer
[MQBENCH] INFO: Insert act quant layer2_4_relu_1_post_act_fake_quantizer
[MQBENCH] INFO: Insert act quant layer2_5_relu_post_act_fake_quantizer
[MQBENCH] INFO: Insert act quant layer2_5_relu_1_post_act_fake_quantizer
[MQBENCH] INFO: Insert act quant layer2_6_relu_post_act_fake_quantizer
[MQBENCH] INFO: Insert act quant layer2_6_relu_1_post_act_fake_quantizer
[MQBENCH] INFO: Insert act quant layer2_7_relu_post_act_fake_quantizer
[MQBENCH] INFO: Insert act quant layer2_7_relu_1_post_act_fake_quantizer
[MQBENCH] INFO: Insert act quant layer2_8_relu_post_act_fake_quantizer
[MQBENCH] INFO: Insert act quant layer2_8_relu_1_post_act_fake_quantizer
[MQBENCH] INFO: Insert act quant layer3_0_relu_post_act_fake_quantizer
[MQBENCH] INFO: Insert act quant layer3_0_relu_1_post_act_fake_quantizer
[MQBENCH] INFO: Insert act quant layer3_1_relu_post_act_fake_quantizer
[MQBENCH] INFO: Insert act quant layer3_1_relu_1_post_act_fake_quantizer
[MQBENCH] INFO: Insert act quant layer3_2_relu_post_act_fake_quantizer
[MQBENCH] INFO: Insert act quant layer3_2_relu_1_post_act_fake_quantizer
[MQBENCH] INFO: Insert act quant layer3_3_relu_post_act_fake_quantizer
[MQBENCH] INFO: Insert act quant layer3_3_relu_1_post_act_fake_quantizer
[MQBENCH] INFO: Insert act quant layer3_4_relu_post_act_fake_quantizer
[MQBENCH] INFO: Insert act quant layer3_4_relu_1_post_act_fake_quantizer
[MQBENCH] INFO: Insert act quant layer3_5_relu_post_act_fake_quantizer
[MQBENCH] INFO: Insert act quant layer3_5_relu_1_post_act_fake_quantizer
[MQBENCH] INFO: Insert act quant layer3_6_relu_post_act_fake_quantizer
[MQBENCH] INFO: Insert act quant layer3_6_relu_1_post_act_fake_quantizer
[MQBENCH] INFO: Insert act quant layer3_7_relu_post_act_fake_quantizer
[MQBENCH] INFO: Insert act quant layer3_7_relu_1_post_act_fake_quantizer
[MQBENCH] INFO: Insert act quant layer3_8_relu_post_act_fake_quantizer
[MQBENCH] INFO: Set view post act quantize to 8 bit.
[MQBENCH] INFO: Insert act quant view_post_act_fake_quantizer
[MQBENCH] INFO: Enable observer and Disable quantize.
[MQBENCH] INFO: Disable observer and Disable quantize.
[MQBENCH] INFO: Disable observer and Enable quantize.
evaluate mqb quantized model
{'top1': tensor([1.2700], device='cuda:0'), 'top5': tensor([6.5900], device='cuda:0'), 'loss': tensor(5.3223, device='cuda:0'), 'time': 3.068183183670044}
[MQBENCH] INFO: Disable observer and Disable quantize.
[MQBENCH] INFO: Disable observer and Enable quantize.
evaluate mqb quantized model
{'top1': tensor([41.2200], device='cuda:0'), 'top5': tensor([70.4700], device='cuda:0'), 'loss': tensor(3.5514, device='cuda:0'), 'time': 3.0617129802703857}
[MQBENCH] INFO: Disable observer and Disable quantize.
[MQBENCH] INFO: Disable observer and Enable quantize.
evaluate mqb quantized model
{'top1': tensor([72.5600], device='cuda:0'), 'top5': tensor([91.9400], device='cuda:0'), 'loss': tensor(1.3051, device='cuda:0'), 'time': 3.0676186084747314}
[MQBENCH] INFO: Disable observer and Disable quantize.
input of  conv1  is  x_post_act_fake_quantizer
input of  layer1.0.conv1  is  relu_post_act_fake_quantizer
input of  layer1.0.conv2  is  layer1_0_relu_post_act_fake_quantizer
input of  layer1.1.conv1  is  layer1_0_relu_1_post_act_fake_quantizer
input of  layer1.1.conv2  is  layer1_1_relu_post_act_fake_quantizer
input of  layer1.2.conv1  is  layer1_1_relu_1_post_act_fake_quantizer
input of  layer1.2.conv2  is  layer1_2_relu_post_act_fake_quantizer
input of  layer1.3.conv1  is  layer1_2_relu_1_post_act_fake_quantizer
input of  layer1.3.conv2  is  layer1_3_relu_post_act_fake_quantizer
input of  layer1.4.conv1  is  layer1_3_relu_1_post_act_fake_quantizer
input of  layer1.4.conv2  is  layer1_4_relu_post_act_fake_quantizer
input of  layer1.5.conv1  is  layer1_4_relu_1_post_act_fake_quantizer
input of  layer1.5.conv2  is  layer1_5_relu_post_act_fake_quantizer
input of  layer1.6.conv1  is  layer1_5_relu_1_post_act_fake_quantizer
input of  layer1.6.conv2  is  layer1_6_relu_post_act_fake_quantizer
input of  layer1.7.conv1  is  layer1_6_relu_1_post_act_fake_quantizer
input of  layer1.7.conv2  is  layer1_7_relu_post_act_fake_quantizer
input of  layer1.8.conv1  is  layer1_7_relu_1_post_act_fake_quantizer
input of  layer1.8.conv2  is  layer1_8_relu_post_act_fake_quantizer
input of  layer2.0.conv1  is  layer1_8_relu_1_post_act_fake_quantizer
input of  layer2.0.conv2  is  layer2_0_relu_post_act_fake_quantizer
input of  layer2.0.downsample.0  is  layer1_8_relu_1_post_act_fake_quantizer
input of  layer2.1.conv1  is  layer2_0_relu_1_post_act_fake_quantizer
input of  layer2.1.conv2  is  layer2_1_relu_post_act_fake_quantizer
input of  layer2.2.conv1  is  layer2_1_relu_1_post_act_fake_quantizer
input of  layer2.2.conv2  is  layer2_2_relu_post_act_fake_quantizer
input of  layer2.3.conv1  is  layer2_2_relu_1_post_act_fake_quantizer
input of  layer2.3.conv2  is  layer2_3_relu_post_act_fake_quantizer
input of  layer2.4.conv1  is  layer2_3_relu_1_post_act_fake_quantizer
input of  layer2.4.conv2  is  layer2_4_relu_post_act_fake_quantizer
input of  layer2.5.conv1  is  layer2_4_relu_1_post_act_fake_quantizer
input of  layer2.5.conv2  is  layer2_5_relu_post_act_fake_quantizer
input of  layer2.6.conv1  is  layer2_5_relu_1_post_act_fake_quantizer
input of  layer2.6.conv2  is  layer2_6_relu_post_act_fake_quantizer
input of  layer2.7.conv1  is  layer2_6_relu_1_post_act_fake_quantizer
input of  layer2.7.conv2  is  layer2_7_relu_post_act_fake_quantizer
input of  layer2.8.conv1  is  layer2_7_relu_1_post_act_fake_quantizer
input of  layer2.8.conv2  is  layer2_8_relu_post_act_fake_quantizer
input of  layer3.0.conv1  is  layer2_8_relu_1_post_act_fake_quantizer
input of  layer3.0.conv2  is  layer3_0_relu_post_act_fake_quantizer
input of  layer3.0.downsample.0  is  layer2_8_relu_1_post_act_fake_quantizer
input of  layer3.1.conv1  is  layer3_0_relu_1_post_act_fake_quantizer
input of  layer3.1.conv2  is  layer3_1_relu_post_act_fake_quantizer
input of  layer3.2.conv1  is  layer3_1_relu_1_post_act_fake_quantizer
input of  layer3.2.conv2  is  layer3_2_relu_post_act_fake_quantizer
input of  layer3.3.conv1  is  layer3_2_relu_1_post_act_fake_quantizer
input of  layer3.3.conv2  is  layer3_3_relu_post_act_fake_quantizer
input of  layer3.4.conv1  is  layer3_3_relu_1_post_act_fake_quantizer
input of  layer3.4.conv2  is  layer3_4_relu_post_act_fake_quantizer
input of  layer3.5.conv1  is  layer3_4_relu_1_post_act_fake_quantizer
input of  layer3.5.conv2  is  layer3_5_relu_post_act_fake_quantizer
input of  layer3.6.conv1  is  layer3_5_relu_1_post_act_fake_quantizer
input of  layer3.6.conv2  is  layer3_6_relu_post_act_fake_quantizer
input of  layer3.7.conv1  is  layer3_6_relu_1_post_act_fake_quantizer
input of  layer3.7.conv2  is  layer3_7_relu_post_act_fake_quantizer
input of  layer3.8.conv1  is  layer3_7_relu_1_post_act_fake_quantizer
input of  layer3.8.conv2  is  layer3_8_relu_post_act_fake_quantizer
input of  fc  is  view_post_act_fake_quantizer
index 0 layer layer1.0.conv1 scheme (2, 2)bits Ltilde 2.323860
index 1 layer layer1.0.conv1 scheme (2, 4)bits Ltilde 1.421405
index 2 layer layer1.0.conv1 scheme (2, 8)bits Ltilde 1.417552
index 3 layer layer1.0.conv1 scheme (4, 2)bits Ltilde 1.187883
index 4 layer layer1.0.conv1 scheme (4, 4)bits Ltilde 0.374167
index 5 layer layer1.0.conv1 scheme (4, 8)bits Ltilde 0.386472
index 6 layer layer1.0.conv1 scheme (8, 2)bits Ltilde 1.028558
index 7 layer layer1.0.conv1 scheme (8, 4)bits Ltilde 0.182747
index 8 layer layer1.0.conv1 scheme (8, 8)bits Ltilde 0.196041
index 9 layer layer1.0.conv2 scheme (2, 2)bits Ltilde 0.587505
index 10 layer layer1.0.conv2 scheme (2, 4)bits Ltilde 0.346233
index 11 layer layer1.0.conv2 scheme (2, 8)bits Ltilde 0.365954
index 12 layer layer1.0.conv2 scheme (4, 2)bits Ltilde 0.474257
index 13 layer layer1.0.conv2 scheme (4, 4)bits Ltilde 0.198513
index 14 layer layer1.0.conv2 scheme (4, 8)bits Ltilde 0.210499
index 15 layer layer1.0.conv2 scheme (8, 2)bits Ltilde 0.451126
index 16 layer layer1.0.conv2 scheme (8, 4)bits Ltilde 0.179892
index 17 layer layer1.0.conv2 scheme (8, 8)bits Ltilde 0.192742
index 18 layer layer1.1.conv1 scheme (2, 2)bits Ltilde 1.072661
index 19 layer layer1.1.conv1 scheme (2, 4)bits Ltilde 0.894945
index 20 layer layer1.1.conv1 scheme (2, 8)bits Ltilde 0.917900
index 21 layer layer1.1.conv1 scheme (4, 2)bits Ltilde 0.463913
index 22 layer layer1.1.conv1 scheme (4, 4)bits Ltilde 0.258905
index 23 layer layer1.1.conv1 scheme (4, 8)bits Ltilde 0.263400
index 24 layer layer1.1.conv1 scheme (8, 2)bits Ltilde 0.410358
index 25 layer layer1.1.conv1 scheme (8, 4)bits Ltilde 0.191226
index 26 layer layer1.1.conv1 scheme (8, 8)bits Ltilde 0.194515
index 27 layer layer1.1.conv2 scheme (2, 2)bits Ltilde 0.394754
index 28 layer layer1.1.conv2 scheme (2, 4)bits Ltilde 0.248051
index 29 layer layer1.1.conv2 scheme (2, 8)bits Ltilde 0.265431
index 30 layer layer1.1.conv2 scheme (4, 2)bits Ltilde 0.315573
index 31 layer layer1.1.conv2 scheme (4, 4)bits Ltilde 0.175202
index 32 layer layer1.1.conv2 scheme (4, 8)bits Ltilde 0.202109
index 33 layer layer1.1.conv2 scheme (8, 2)bits Ltilde 0.306446
index 34 layer layer1.1.conv2 scheme (8, 4)bits Ltilde 0.166723
index 35 layer layer1.1.conv2 scheme (8, 8)bits Ltilde 0.192804
index 36 layer layer1.2.conv1 scheme (2, 2)bits Ltilde 0.740007
index 37 layer layer1.2.conv1 scheme (2, 4)bits Ltilde 0.715454
index 38 layer layer1.2.conv1 scheme (2, 8)bits Ltilde 0.720840
index 39 layer layer1.2.conv1 scheme (4, 2)bits Ltilde 0.267959
index 40 layer layer1.2.conv1 scheme (4, 4)bits Ltilde 0.231593
index 41 layer layer1.2.conv1 scheme (4, 8)bits Ltilde 0.240337
index 42 layer layer1.2.conv1 scheme (8, 2)bits Ltilde 0.233766
index 43 layer layer1.2.conv1 scheme (8, 4)bits Ltilde 0.187429
index 44 layer layer1.2.conv1 scheme (8, 8)bits Ltilde 0.193365
index 45 layer layer1.2.conv2 scheme (2, 2)bits Ltilde 0.198106
index 46 layer layer1.2.conv2 scheme (2, 4)bits Ltilde 0.195260
index 47 layer layer1.2.conv2 scheme (2, 8)bits Ltilde 0.205234
index 48 layer layer1.2.conv2 scheme (4, 2)bits Ltilde 0.191118
index 49 layer layer1.2.conv2 scheme (4, 4)bits Ltilde 0.185751
index 50 layer layer1.2.conv2 scheme (4, 8)bits Ltilde 0.197435
index 51 layer layer1.2.conv2 scheme (8, 2)bits Ltilde 0.189965
index 52 layer layer1.2.conv2 scheme (8, 4)bits Ltilde 0.183045
index 53 layer layer1.2.conv2 scheme (8, 8)bits Ltilde 0.192870
index 54 layer layer1.3.conv1 scheme (2, 2)bits Ltilde 0.894536
index 55 layer layer1.3.conv1 scheme (2, 4)bits Ltilde 0.710588
index 56 layer layer1.3.conv1 scheme (2, 8)bits Ltilde 0.698618
index 57 layer layer1.3.conv1 scheme (4, 2)bits Ltilde 0.420490
index 58 layer layer1.3.conv1 scheme (4, 4)bits Ltilde 0.246983
index 59 layer layer1.3.conv1 scheme (4, 8)bits Ltilde 0.247082
index 60 layer layer1.3.conv1 scheme (8, 2)bits Ltilde 0.390958
index 61 layer layer1.3.conv1 scheme (8, 4)bits Ltilde 0.197075
index 62 layer layer1.3.conv1 scheme (8, 8)bits Ltilde 0.192778
index 63 layer layer1.3.conv2 scheme (2, 2)bits Ltilde 0.297074
index 64 layer layer1.3.conv2 scheme (2, 4)bits Ltilde 0.210737
index 65 layer layer1.3.conv2 scheme (2, 8)bits Ltilde 0.209458
index 66 layer layer1.3.conv2 scheme (4, 2)bits Ltilde 0.285975
index 67 layer layer1.3.conv2 scheme (4, 4)bits Ltilde 0.195358
index 68 layer layer1.3.conv2 scheme (4, 8)bits Ltilde 0.193061
index 69 layer layer1.3.conv2 scheme (8, 2)bits Ltilde 0.286393
index 70 layer layer1.3.conv2 scheme (8, 4)bits Ltilde 0.194895
index 71 layer layer1.3.conv2 scheme (8, 8)bits Ltilde 0.192820
index 72 layer layer1.4.conv1 scheme (2, 2)bits Ltilde 0.860152
index 73 layer layer1.4.conv1 scheme (2, 4)bits Ltilde 0.780640
index 74 layer layer1.4.conv1 scheme (2, 8)bits Ltilde 0.765531
index 75 layer layer1.4.conv1 scheme (4, 2)bits Ltilde 0.324008
index 76 layer layer1.4.conv1 scheme (4, 4)bits Ltilde 0.242917
index 77 layer layer1.4.conv1 scheme (4, 8)bits Ltilde 0.228648
index 78 layer layer1.4.conv1 scheme (8, 2)bits Ltilde 0.299009
index 79 layer layer1.4.conv1 scheme (8, 4)bits Ltilde 0.209059
index 80 layer layer1.4.conv1 scheme (8, 8)bits Ltilde 0.192200
index 81 layer layer1.4.conv2 scheme (2, 2)bits Ltilde 0.263468
index 82 layer layer1.4.conv2 scheme (2, 4)bits Ltilde 0.203324
index 83 layer layer1.4.conv2 scheme (2, 8)bits Ltilde 0.209307
index 84 layer layer1.4.conv2 scheme (4, 2)bits Ltilde 0.249679
index 85 layer layer1.4.conv2 scheme (4, 4)bits Ltilde 0.190013
index 86 layer layer1.4.conv2 scheme (4, 8)bits Ltilde 0.196582
index 87 layer layer1.4.conv2 scheme (8, 2)bits Ltilde 0.246231
index 88 layer layer1.4.conv2 scheme (8, 4)bits Ltilde 0.186158
index 89 layer layer1.4.conv2 scheme (8, 8)bits Ltilde 0.192803
index 90 layer layer1.5.conv1 scheme (2, 2)bits Ltilde 0.714654
index 91 layer layer1.5.conv1 scheme (2, 4)bits Ltilde 0.717526
index 92 layer layer1.5.conv1 scheme (2, 8)bits Ltilde 0.707097
index 93 layer layer1.5.conv1 scheme (4, 2)bits Ltilde 0.244844
index 94 layer layer1.5.conv1 scheme (4, 4)bits Ltilde 0.244148
index 95 layer layer1.5.conv1 scheme (4, 8)bits Ltilde 0.219628
index 96 layer layer1.5.conv1 scheme (8, 2)bits Ltilde 0.219714
index 97 layer layer1.5.conv1 scheme (8, 4)bits Ltilde 0.216797
index 98 layer layer1.5.conv1 scheme (8, 8)bits Ltilde 0.193085
index 99 layer layer1.5.conv2 scheme (2, 2)bits Ltilde 0.180800
index 100 layer layer1.5.conv2 scheme (2, 4)bits Ltilde 0.184098
index 101 layer layer1.5.conv2 scheme (2, 8)bits Ltilde 0.196678
index 102 layer layer1.5.conv2 scheme (4, 2)bits Ltilde 0.174449
index 103 layer layer1.5.conv2 scheme (4, 4)bits Ltilde 0.177910
index 104 layer layer1.5.conv2 scheme (4, 8)bits Ltilde 0.192331
index 105 layer layer1.5.conv2 scheme (8, 2)bits Ltilde 0.173944
index 106 layer layer1.5.conv2 scheme (8, 4)bits Ltilde 0.177923
index 107 layer layer1.5.conv2 scheme (8, 8)bits Ltilde 0.192755
index 108 layer layer1.6.conv1 scheme (2, 2)bits Ltilde 0.810832
index 109 layer layer1.6.conv1 scheme (2, 4)bits Ltilde 0.667913
index 110 layer layer1.6.conv1 scheme (2, 8)bits Ltilde 0.637483
index 111 layer layer1.6.conv1 scheme (4, 2)bits Ltilde 0.284537
index 112 layer layer1.6.conv1 scheme (4, 4)bits Ltilde 0.217692
index 113 layer layer1.6.conv1 scheme (4, 8)bits Ltilde 0.202290
index 114 layer layer1.6.conv1 scheme (8, 2)bits Ltilde 0.264043
index 115 layer layer1.6.conv1 scheme (8, 4)bits Ltilde 0.207155
index 116 layer layer1.6.conv1 scheme (8, 8)bits Ltilde 0.192771
index 117 layer layer1.6.conv2 scheme (2, 2)bits Ltilde 0.214440
index 118 layer layer1.6.conv2 scheme (2, 4)bits Ltilde 0.192948
index 119 layer layer1.6.conv2 scheme (2, 8)bits Ltilde 0.194756
index 120 layer layer1.6.conv2 scheme (4, 2)bits Ltilde 0.206470
index 121 layer layer1.6.conv2 scheme (4, 4)bits Ltilde 0.189315
index 122 layer layer1.6.conv2 scheme (4, 8)bits Ltilde 0.192617
index 123 layer layer1.6.conv2 scheme (8, 2)bits Ltilde 0.206418
index 124 layer layer1.6.conv2 scheme (8, 4)bits Ltilde 0.189355
index 125 layer layer1.6.conv2 scheme (8, 8)bits Ltilde 0.192993
index 126 layer layer1.7.conv1 scheme (2, 2)bits Ltilde 0.683153
index 127 layer layer1.7.conv1 scheme (2, 4)bits Ltilde 0.612921
index 128 layer layer1.7.conv1 scheme (2, 8)bits Ltilde 0.625754
index 129 layer layer1.7.conv1 scheme (4, 2)bits Ltilde 0.269921
index 130 layer layer1.7.conv1 scheme (4, 4)bits Ltilde 0.200212
index 131 layer layer1.7.conv1 scheme (4, 8)bits Ltilde 0.210855
index 132 layer layer1.7.conv1 scheme (8, 2)bits Ltilde 0.258851
index 133 layer layer1.7.conv1 scheme (8, 4)bits Ltilde 0.183490
index 134 layer layer1.7.conv1 scheme (8, 8)bits Ltilde 0.193802
index 135 layer layer1.7.conv2 scheme (2, 2)bits Ltilde 0.187572
index 136 layer layer1.7.conv2 scheme (2, 4)bits Ltilde 0.193522
index 137 layer layer1.7.conv2 scheme (2, 8)bits Ltilde 0.200924
index 138 layer layer1.7.conv2 scheme (4, 2)bits Ltilde 0.181527
index 139 layer layer1.7.conv2 scheme (4, 4)bits Ltilde 0.185966
index 140 layer layer1.7.conv2 scheme (4, 8)bits Ltilde 0.193405
index 141 layer layer1.7.conv2 scheme (8, 2)bits Ltilde 0.180948
index 142 layer layer1.7.conv2 scheme (8, 4)bits Ltilde 0.185094
index 143 layer layer1.7.conv2 scheme (8, 8)bits Ltilde 0.192657
index 144 layer layer1.8.conv1 scheme (2, 2)bits Ltilde 0.861925
index 145 layer layer1.8.conv1 scheme (2, 4)bits Ltilde 0.611125
index 146 layer layer1.8.conv1 scheme (2, 8)bits Ltilde 0.604857
index 147 layer layer1.8.conv1 scheme (4, 2)bits Ltilde 0.529493
index 148 layer layer1.8.conv1 scheme (4, 4)bits Ltilde 0.218421
index 149 layer layer1.8.conv1 scheme (4, 8)bits Ltilde 0.206401
index 150 layer layer1.8.conv1 scheme (8, 2)bits Ltilde 0.510742
index 151 layer layer1.8.conv1 scheme (8, 4)bits Ltilde 0.208308
index 152 layer layer1.8.conv1 scheme (8, 8)bits Ltilde 0.193037
index 153 layer layer1.8.conv2 scheme (2, 2)bits Ltilde 0.211574
index 154 layer layer1.8.conv2 scheme (2, 4)bits Ltilde 0.176640
index 155 layer layer1.8.conv2 scheme (2, 8)bits Ltilde 0.178726
index 156 layer layer1.8.conv2 scheme (4, 2)bits Ltilde 0.212429
index 157 layer layer1.8.conv2 scheme (4, 4)bits Ltilde 0.183013
index 158 layer layer1.8.conv2 scheme (4, 8)bits Ltilde 0.191058
index 159 layer layer1.8.conv2 scheme (8, 2)bits Ltilde 0.213255
index 160 layer layer1.8.conv2 scheme (8, 4)bits Ltilde 0.184141
index 161 layer layer1.8.conv2 scheme (8, 8)bits Ltilde 0.193093
index 162 layer layer2.0.conv1 scheme (2, 2)bits Ltilde 2.600348
index 163 layer layer2.0.conv1 scheme (2, 4)bits Ltilde 0.767988
index 164 layer layer2.0.conv1 scheme (2, 8)bits Ltilde 0.571378
index 165 layer layer2.0.conv1 scheme (4, 2)bits Ltilde 1.851831
index 166 layer layer2.0.conv1 scheme (4, 4)bits Ltilde 0.384320
index 167 layer layer2.0.conv1 scheme (4, 8)bits Ltilde 0.208452
index 168 layer layer2.0.conv1 scheme (8, 2)bits Ltilde 1.823254
index 169 layer layer2.0.conv1 scheme (8, 4)bits Ltilde 0.367355
index 170 layer layer2.0.conv1 scheme (8, 8)bits Ltilde 0.193165
index 171 layer layer2.0.conv2 scheme (2, 2)bits Ltilde 2.573986
index 172 layer layer2.0.conv2 scheme (2, 4)bits Ltilde 0.499264
index 173 layer layer2.0.conv2 scheme (2, 8)bits Ltilde 0.275552
index 174 layer layer2.0.conv2 scheme (4, 2)bits Ltilde 2.431427
index 175 layer layer2.0.conv2 scheme (4, 4)bits Ltilde 0.416781
index 176 layer layer2.0.conv2 scheme (4, 8)bits Ltilde 0.205209
index 177 layer layer2.0.conv2 scheme (8, 2)bits Ltilde 2.419000
index 178 layer layer2.0.conv2 scheme (8, 4)bits Ltilde 0.409782
index 179 layer layer2.0.conv2 scheme (8, 8)bits Ltilde 0.197418
index 180 layer layer2.0.downsample.0 scheme (2, 2)bits Ltilde 3.683901
index 181 layer layer2.0.downsample.0 scheme (2, 4)bits Ltilde 0.933781
index 182 layer layer2.0.downsample.0 scheme (2, 8)bits Ltilde 0.563772
index 183 layer layer2.0.downsample.0 scheme (4, 2)bits Ltilde 3.183841
index 184 layer layer2.0.downsample.0 scheme (4, 4)bits Ltilde 0.482717
index 185 layer layer2.0.downsample.0 scheme (4, 8)bits Ltilde 0.202827
index 186 layer layer2.0.downsample.0 scheme (8, 2)bits Ltilde 3.152477
index 187 layer layer2.0.downsample.0 scheme (8, 4)bits Ltilde 0.458666
index 188 layer layer2.0.downsample.0 scheme (8, 8)bits Ltilde 0.187284
index 189 layer layer2.1.conv1 scheme (2, 2)bits Ltilde 0.849238
index 190 layer layer2.1.conv1 scheme (2, 4)bits Ltilde 0.546433
index 191 layer layer2.1.conv1 scheme (2, 8)bits Ltilde 0.535530
index 192 layer layer2.1.conv1 scheme (4, 2)bits Ltilde 0.428815
index 193 layer layer2.1.conv1 scheme (4, 4)bits Ltilde 0.208585
index 194 layer layer2.1.conv1 scheme (4, 8)bits Ltilde 0.207348
index 195 layer layer2.1.conv1 scheme (8, 2)bits Ltilde 0.406843
index 196 layer layer2.1.conv1 scheme (8, 4)bits Ltilde 0.193387
index 197 layer layer2.1.conv1 scheme (8, 8)bits Ltilde 0.192335
index 198 layer layer2.1.conv2 scheme (2, 2)bits Ltilde 0.277469
index 199 layer layer2.1.conv2 scheme (2, 4)bits Ltilde 0.208942
index 200 layer layer2.1.conv2 scheme (2, 8)bits Ltilde 0.205819
index 201 layer layer2.1.conv2 scheme (4, 2)bits Ltilde 0.267657
index 202 layer layer2.1.conv2 scheme (4, 4)bits Ltilde 0.196981
index 203 layer layer2.1.conv2 scheme (4, 8)bits Ltilde 0.193706
index 204 layer layer2.1.conv2 scheme (8, 2)bits Ltilde 0.267166
index 205 layer layer2.1.conv2 scheme (8, 4)bits Ltilde 0.195941
index 206 layer layer2.1.conv2 scheme (8, 8)bits Ltilde 0.192747
index 207 layer layer2.2.conv1 scheme (2, 2)bits Ltilde 0.795405
index 208 layer layer2.2.conv1 scheme (2, 4)bits Ltilde 0.490380
index 209 layer layer2.2.conv1 scheme (2, 8)bits Ltilde 0.490522
index 210 layer layer2.2.conv1 scheme (4, 2)bits Ltilde 0.561448
index 211 layer layer2.2.conv1 scheme (4, 4)bits Ltilde 0.227430
index 212 layer layer2.2.conv1 scheme (4, 8)bits Ltilde 0.213050
index 213 layer layer2.2.conv1 scheme (8, 2)bits Ltilde 0.548254
index 214 layer layer2.2.conv1 scheme (8, 4)bits Ltilde 0.206726
index 215 layer layer2.2.conv1 scheme (8, 8)bits Ltilde 0.192080
index 216 layer layer2.2.conv2 scheme (2, 2)bits Ltilde 0.264165
index 217 layer layer2.2.conv2 scheme (2, 4)bits Ltilde 0.208851
index 218 layer layer2.2.conv2 scheme (2, 8)bits Ltilde 0.207349
index 219 layer layer2.2.conv2 scheme (4, 2)bits Ltilde 0.253399
index 220 layer layer2.2.conv2 scheme (4, 4)bits Ltilde 0.194753
index 221 layer layer2.2.conv2 scheme (4, 8)bits Ltilde 0.193893
index 222 layer layer2.2.conv2 scheme (8, 2)bits Ltilde 0.252256
index 223 layer layer2.2.conv2 scheme (8, 4)bits Ltilde 0.193266
index 224 layer layer2.2.conv2 scheme (8, 8)bits Ltilde 0.192529
index 225 layer layer2.3.conv1 scheme (2, 2)bits Ltilde 0.815735
index 226 layer layer2.3.conv1 scheme (2, 4)bits Ltilde 0.521913
index 227 layer layer2.3.conv1 scheme (2, 8)bits Ltilde 0.493305
index 228 layer layer2.3.conv1 scheme (4, 2)bits Ltilde 0.498154
index 229 layer layer2.3.conv1 scheme (4, 4)bits Ltilde 0.222824
index 230 layer layer2.3.conv1 scheme (4, 8)bits Ltilde 0.205691
index 231 layer layer2.3.conv1 scheme (8, 2)bits Ltilde 0.467129
index 232 layer layer2.3.conv1 scheme (8, 4)bits Ltilde 0.206417
index 233 layer layer2.3.conv1 scheme (8, 8)bits Ltilde 0.192989
index 234 layer layer2.3.conv2 scheme (2, 2)bits Ltilde 0.234177
index 235 layer layer2.3.conv2 scheme (2, 4)bits Ltilde 0.201245
index 236 layer layer2.3.conv2 scheme (2, 8)bits Ltilde 0.203568
index 237 layer layer2.3.conv2 scheme (4, 2)bits Ltilde 0.227693
index 238 layer layer2.3.conv2 scheme (4, 4)bits Ltilde 0.190742
index 239 layer layer2.3.conv2 scheme (4, 8)bits Ltilde 0.193469
index 240 layer layer2.3.conv2 scheme (8, 2)bits Ltilde 0.226882
index 241 layer layer2.3.conv2 scheme (8, 4)bits Ltilde 0.189548
index 242 layer layer2.3.conv2 scheme (8, 8)bits Ltilde 0.192430
index 243 layer layer2.4.conv1 scheme (2, 2)bits Ltilde 0.834253
index 244 layer layer2.4.conv1 scheme (2, 4)bits Ltilde 0.519543
index 245 layer layer2.4.conv1 scheme (2, 8)bits Ltilde 0.483149
index 246 layer layer2.4.conv1 scheme (4, 2)bits Ltilde 0.518350
index 247 layer layer2.4.conv1 scheme (4, 4)bits Ltilde 0.230529
index 248 layer layer2.4.conv1 scheme (4, 8)bits Ltilde 0.207277
index 249 layer layer2.4.conv1 scheme (8, 2)bits Ltilde 0.490294
index 250 layer layer2.4.conv1 scheme (8, 4)bits Ltilde 0.214538
index 251 layer layer2.4.conv1 scheme (8, 8)bits Ltilde 0.194062
index 252 layer layer2.4.conv2 scheme (2, 2)bits Ltilde 0.251387
index 253 layer layer2.4.conv2 scheme (2, 4)bits Ltilde 0.207555
index 254 layer layer2.4.conv2 scheme (2, 8)bits Ltilde 0.203164
index 255 layer layer2.4.conv2 scheme (4, 2)bits Ltilde 0.241525
index 256 layer layer2.4.conv2 scheme (4, 4)bits Ltilde 0.198045
index 257 layer layer2.4.conv2 scheme (4, 8)bits Ltilde 0.193451
index 258 layer layer2.4.conv2 scheme (8, 2)bits Ltilde 0.240764
index 259 layer layer2.4.conv2 scheme (8, 4)bits Ltilde 0.197190
index 260 layer layer2.4.conv2 scheme (8, 8)bits Ltilde 0.192943
index 261 layer layer2.5.conv1 scheme (2, 2)bits Ltilde 0.781092
index 262 layer layer2.5.conv1 scheme (2, 4)bits Ltilde 0.485084
index 263 layer layer2.5.conv1 scheme (2, 8)bits Ltilde 0.472035
index 264 layer layer2.5.conv1 scheme (4, 2)bits Ltilde 0.519330
index 265 layer layer2.5.conv1 scheme (4, 4)bits Ltilde 0.227292
index 266 layer layer2.5.conv1 scheme (4, 8)bits Ltilde 0.211638
index 267 layer layer2.5.conv1 scheme (8, 2)bits Ltilde 0.500619
index 268 layer layer2.5.conv1 scheme (8, 4)bits Ltilde 0.209167
index 269 layer layer2.5.conv1 scheme (8, 8)bits Ltilde 0.193110
index 270 layer layer2.5.conv2 scheme (2, 2)bits Ltilde 0.243411
index 271 layer layer2.5.conv2 scheme (2, 4)bits Ltilde 0.202331
index 272 layer layer2.5.conv2 scheme (2, 8)bits Ltilde 0.199306
index 273 layer layer2.5.conv2 scheme (4, 2)bits Ltilde 0.237919
index 274 layer layer2.5.conv2 scheme (4, 4)bits Ltilde 0.196048
index 275 layer layer2.5.conv2 scheme (4, 8)bits Ltilde 0.193506
index 276 layer layer2.5.conv2 scheme (8, 2)bits Ltilde 0.237382
index 277 layer layer2.5.conv2 scheme (8, 4)bits Ltilde 0.195280
index 278 layer layer2.5.conv2 scheme (8, 8)bits Ltilde 0.192759
index 279 layer layer2.6.conv1 scheme (2, 2)bits Ltilde 0.803075
index 280 layer layer2.6.conv1 scheme (2, 4)bits Ltilde 0.489989
index 281 layer layer2.6.conv1 scheme (2, 8)bits Ltilde 0.439197
index 282 layer layer2.6.conv1 scheme (4, 2)bits Ltilde 0.587083
index 283 layer layer2.6.conv1 scheme (4, 4)bits Ltilde 0.263832
index 284 layer layer2.6.conv1 scheme (4, 8)bits Ltilde 0.210289
index 285 layer layer2.6.conv1 scheme (8, 2)bits Ltilde 0.559084
index 286 layer layer2.6.conv1 scheme (8, 4)bits Ltilde 0.241130
index 287 layer layer2.6.conv1 scheme (8, 8)bits Ltilde 0.189970
index 288 layer layer2.6.conv2 scheme (2, 2)bits Ltilde 0.300183
index 289 layer layer2.6.conv2 scheme (2, 4)bits Ltilde 0.209264
index 290 layer layer2.6.conv2 scheme (2, 8)bits Ltilde 0.204777
index 291 layer layer2.6.conv2 scheme (4, 2)bits Ltilde 0.291269
index 292 layer layer2.6.conv2 scheme (4, 4)bits Ltilde 0.196825
index 293 layer layer2.6.conv2 scheme (4, 8)bits Ltilde 0.193057
index 294 layer layer2.6.conv2 scheme (8, 2)bits Ltilde 0.291752
index 295 layer layer2.6.conv2 scheme (8, 4)bits Ltilde 0.196775
index 296 layer layer2.6.conv2 scheme (8, 8)bits Ltilde 0.192931
index 297 layer layer2.7.conv1 scheme (2, 2)bits Ltilde 0.628822
index 298 layer layer2.7.conv1 scheme (2, 4)bits Ltilde 0.464729
index 299 layer layer2.7.conv1 scheme (2, 8)bits Ltilde 0.450110
index 300 layer layer2.7.conv1 scheme (4, 2)bits Ltilde 0.434256
index 301 layer layer2.7.conv1 scheme (4, 4)bits Ltilde 0.223986
index 302 layer layer2.7.conv1 scheme (4, 8)bits Ltilde 0.207898
index 303 layer layer2.7.conv1 scheme (8, 2)bits Ltilde 0.417681
index 304 layer layer2.7.conv1 scheme (8, 4)bits Ltilde 0.209836
index 305 layer layer2.7.conv1 scheme (8, 8)bits Ltilde 0.194481
index 306 layer layer2.7.conv2 scheme (2, 2)bits Ltilde 0.256942
index 307 layer layer2.7.conv2 scheme (2, 4)bits Ltilde 0.207705
index 308 layer layer2.7.conv2 scheme (2, 8)bits Ltilde 0.200731
index 309 layer layer2.7.conv2 scheme (4, 2)bits Ltilde 0.250775
index 310 layer layer2.7.conv2 scheme (4, 4)bits Ltilde 0.199615
index 311 layer layer2.7.conv2 scheme (4, 8)bits Ltilde 0.193130
index 312 layer layer2.7.conv2 scheme (8, 2)bits Ltilde 0.249859
index 313 layer layer2.7.conv2 scheme (8, 4)bits Ltilde 0.199178
index 314 layer layer2.7.conv2 scheme (8, 8)bits Ltilde 0.192971
index 315 layer layer2.8.conv1 scheme (2, 2)bits Ltilde 0.657521
index 316 layer layer2.8.conv1 scheme (2, 4)bits Ltilde 0.438875
index 317 layer layer2.8.conv1 scheme (2, 8)bits Ltilde 0.404001
index 318 layer layer2.8.conv1 scheme (4, 2)bits Ltilde 0.536431
index 319 layer layer2.8.conv1 scheme (4, 4)bits Ltilde 0.248977
index 320 layer layer2.8.conv1 scheme (4, 8)bits Ltilde 0.204169
index 321 layer layer2.8.conv1 scheme (8, 2)bits Ltilde 0.528204
index 322 layer layer2.8.conv1 scheme (8, 4)bits Ltilde 0.236483
index 323 layer layer2.8.conv1 scheme (8, 8)bits Ltilde 0.194170
index 324 layer layer2.8.conv2 scheme (2, 2)bits Ltilde 0.295220
index 325 layer layer2.8.conv2 scheme (2, 4)bits Ltilde 0.214551
index 326 layer layer2.8.conv2 scheme (2, 8)bits Ltilde 0.204120
index 327 layer layer2.8.conv2 scheme (4, 2)bits Ltilde 0.286289
index 328 layer layer2.8.conv2 scheme (4, 4)bits Ltilde 0.204219
index 329 layer layer2.8.conv2 scheme (4, 8)bits Ltilde 0.194323
index 330 layer layer2.8.conv2 scheme (8, 2)bits Ltilde 0.285243
index 331 layer layer2.8.conv2 scheme (8, 4)bits Ltilde 0.203153
index 332 layer layer2.8.conv2 scheme (8, 8)bits Ltilde 0.193289
index 333 layer layer3.0.conv1 scheme (2, 2)bits Ltilde 4.121852
index 334 layer layer3.0.conv1 scheme (2, 4)bits Ltilde 0.547751
index 335 layer layer3.0.conv1 scheme (2, 8)bits Ltilde 0.391523
index 336 layer layer3.0.conv1 scheme (4, 2)bits Ltilde 3.770680
index 337 layer layer3.0.conv1 scheme (4, 4)bits Ltilde 0.324732
index 338 layer layer3.0.conv1 scheme (4, 8)bits Ltilde 0.206899
index 339 layer layer3.0.conv1 scheme (8, 2)bits Ltilde 3.734431
index 340 layer layer3.0.conv1 scheme (8, 4)bits Ltilde 0.304044
index 341 layer layer3.0.conv1 scheme (8, 8)bits Ltilde 0.192733
index 342 layer layer3.0.conv2 scheme (2, 2)bits Ltilde 2.030928
index 343 layer layer3.0.conv2 scheme (2, 4)bits Ltilde 0.320264
index 344 layer layer3.0.conv2 scheme (2, 8)bits Ltilde 0.250640
index 345 layer layer3.0.conv2 scheme (4, 2)bits Ltilde 1.937619
index 346 layer layer3.0.conv2 scheme (4, 4)bits Ltilde 0.247733
index 347 layer layer3.0.conv2 scheme (4, 8)bits Ltilde 0.194132
index 348 layer layer3.0.conv2 scheme (8, 2)bits Ltilde 1.927257
index 349 layer layer3.0.conv2 scheme (8, 4)bits Ltilde 0.244259
index 350 layer layer3.0.conv2 scheme (8, 8)bits Ltilde 0.192554
index 351 layer layer3.0.downsample.0 scheme (2, 2)bits Ltilde 0.922549
index 352 layer layer3.0.downsample.0 scheme (2, 4)bits Ltilde 0.431918
index 353 layer layer3.0.downsample.0 scheme (2, 8)bits Ltilde 0.390109
index 354 layer layer3.0.downsample.0 scheme (4, 2)bits Ltilde 0.691435
index 355 layer layer3.0.downsample.0 scheme (4, 4)bits Ltilde 0.239377
index 356 layer layer3.0.downsample.0 scheme (4, 8)bits Ltilde 0.206275
index 357 layer layer3.0.downsample.0 scheme (8, 2)bits Ltilde 0.663943
index 358 layer layer3.0.downsample.0 scheme (8, 4)bits Ltilde 0.223279
index 359 layer layer3.0.downsample.0 scheme (8, 8)bits Ltilde 0.191917
index 360 layer layer3.1.conv1 scheme (2, 2)bits Ltilde 1.070826
index 361 layer layer3.1.conv1 scheme (2, 4)bits Ltilde 0.430820
index 362 layer layer3.1.conv1 scheme (2, 8)bits Ltilde 0.398963
index 363 layer layer3.1.conv1 scheme (4, 2)bits Ltilde 0.831979
index 364 layer layer3.1.conv1 scheme (4, 4)bits Ltilde 0.227964
index 365 layer layer3.1.conv1 scheme (4, 8)bits Ltilde 0.204794
index 366 layer layer3.1.conv1 scheme (8, 2)bits Ltilde 0.807244
index 367 layer layer3.1.conv1 scheme (8, 4)bits Ltilde 0.214754
index 368 layer layer3.1.conv1 scheme (8, 8)bits Ltilde 0.193798
index 369 layer layer3.1.conv2 scheme (2, 2)bits Ltilde 0.404819
index 370 layer layer3.1.conv2 scheme (2, 4)bits Ltilde 0.226291
index 371 layer layer3.1.conv2 scheme (2, 8)bits Ltilde 0.213025
index 372 layer layer3.1.conv2 scheme (4, 2)bits Ltilde 0.396071
index 373 layer layer3.1.conv2 scheme (4, 4)bits Ltilde 0.207171
index 374 layer layer3.1.conv2 scheme (4, 8)bits Ltilde 0.195029
index 375 layer layer3.1.conv2 scheme (8, 2)bits Ltilde 0.394273
index 376 layer layer3.1.conv2 scheme (8, 4)bits Ltilde 0.205820
index 377 layer layer3.1.conv2 scheme (8, 8)bits Ltilde 0.193541
index 378 layer layer3.2.conv1 scheme (2, 2)bits Ltilde 1.428363
index 379 layer layer3.2.conv1 scheme (2, 4)bits Ltilde 0.417014
index 380 layer layer3.2.conv1 scheme (2, 8)bits Ltilde 0.378427
index 381 layer layer3.2.conv1 scheme (4, 2)bits Ltilde 1.186954
index 382 layer layer3.2.conv1 scheme (4, 4)bits Ltilde 0.235738
index 383 layer layer3.2.conv1 scheme (4, 8)bits Ltilde 0.204737
index 384 layer layer3.2.conv1 scheme (8, 2)bits Ltilde 1.163368
index 385 layer layer3.2.conv1 scheme (8, 4)bits Ltilde 0.221623
index 386 layer layer3.2.conv1 scheme (8, 8)bits Ltilde 0.191627
index 387 layer layer3.2.conv2 scheme (2, 2)bits Ltilde 0.449142
index 388 layer layer3.2.conv2 scheme (2, 4)bits Ltilde 0.238997
index 389 layer layer3.2.conv2 scheme (2, 8)bits Ltilde 0.221586
index 390 layer layer3.2.conv2 scheme (4, 2)bits Ltilde 0.422667
index 391 layer layer3.2.conv2 scheme (4, 4)bits Ltilde 0.209843
index 392 layer layer3.2.conv2 scheme (4, 8)bits Ltilde 0.195899
index 393 layer layer3.2.conv2 scheme (8, 2)bits Ltilde 0.418655
index 394 layer layer3.2.conv2 scheme (8, 4)bits Ltilde 0.206806
index 395 layer layer3.2.conv2 scheme (8, 8)bits Ltilde 0.193142
index 396 layer layer3.3.conv1 scheme (2, 2)bits Ltilde 1.275387
index 397 layer layer3.3.conv1 scheme (2, 4)bits Ltilde 0.402536
index 398 layer layer3.3.conv1 scheme (2, 8)bits Ltilde 0.375084
index 399 layer layer3.3.conv1 scheme (4, 2)bits Ltilde 1.068663
index 400 layer layer3.3.conv1 scheme (4, 4)bits Ltilde 0.228095
index 401 layer layer3.3.conv1 scheme (4, 8)bits Ltilde 0.207687
index 402 layer layer3.3.conv1 scheme (8, 2)bits Ltilde 1.028325
index 403 layer layer3.3.conv1 scheme (8, 4)bits Ltilde 0.212359
index 404 layer layer3.3.conv1 scheme (8, 8)bits Ltilde 0.193078
index 405 layer layer3.3.conv2 scheme (2, 2)bits Ltilde 0.355276
index 406 layer layer3.3.conv2 scheme (2, 4)bits Ltilde 0.226332
index 407 layer layer3.3.conv2 scheme (2, 8)bits Ltilde 0.217680
index 408 layer layer3.3.conv2 scheme (4, 2)bits Ltilde 0.328886
index 409 layer layer3.3.conv2 scheme (4, 4)bits Ltilde 0.203053
index 410 layer layer3.3.conv2 scheme (4, 8)bits Ltilde 0.195973
index 411 layer layer3.3.conv2 scheme (8, 2)bits Ltilde 0.325604
index 412 layer layer3.3.conv2 scheme (8, 4)bits Ltilde 0.199940
index 413 layer layer3.3.conv2 scheme (8, 8)bits Ltilde 0.192944
index 414 layer layer3.4.conv1 scheme (2, 2)bits Ltilde 1.009643
index 415 layer layer3.4.conv1 scheme (2, 4)bits Ltilde 0.428469
index 416 layer layer3.4.conv1 scheme (2, 8)bits Ltilde 0.400589
index 417 layer layer3.4.conv1 scheme (4, 2)bits Ltilde 0.833483
index 418 layer layer3.4.conv1 scheme (4, 4)bits Ltilde 0.234789
index 419 layer layer3.4.conv1 scheme (4, 8)bits Ltilde 0.208857
index 420 layer layer3.4.conv1 scheme (8, 2)bits Ltilde 0.809451
index 421 layer layer3.4.conv1 scheme (8, 4)bits Ltilde 0.216417
index 422 layer layer3.4.conv1 scheme (8, 8)bits Ltilde 0.192644
index 423 layer layer3.4.conv2 scheme (2, 2)bits Ltilde 0.325562
index 424 layer layer3.4.conv2 scheme (2, 4)bits Ltilde 0.228592
index 425 layer layer3.4.conv2 scheme (2, 8)bits Ltilde 0.222356
index 426 layer layer3.4.conv2 scheme (4, 2)bits Ltilde 0.294651
index 427 layer layer3.4.conv2 scheme (4, 4)bits Ltilde 0.200201
index 428 layer layer3.4.conv2 scheme (4, 8)bits Ltilde 0.194317
index 429 layer layer3.4.conv2 scheme (8, 2)bits Ltilde 0.294133
index 430 layer layer3.4.conv2 scheme (8, 4)bits Ltilde 0.198771
index 431 layer layer3.4.conv2 scheme (8, 8)bits Ltilde 0.192796
index 432 layer layer3.5.conv1 scheme (2, 2)bits Ltilde 1.185410
index 433 layer layer3.5.conv1 scheme (2, 4)bits Ltilde 0.381976
index 434 layer layer3.5.conv1 scheme (2, 8)bits Ltilde 0.342603
index 435 layer layer3.5.conv1 scheme (4, 2)bits Ltilde 1.063300
index 436 layer layer3.5.conv1 scheme (4, 4)bits Ltilde 0.240533
index 437 layer layer3.5.conv1 scheme (4, 8)bits Ltilde 0.198814
index 438 layer layer3.5.conv1 scheme (8, 2)bits Ltilde 1.051326
index 439 layer layer3.5.conv1 scheme (8, 4)bits Ltilde 0.234029
index 440 layer layer3.5.conv1 scheme (8, 8)bits Ltilde 0.192774
index 441 layer layer3.5.conv2 scheme (2, 2)bits Ltilde 0.355890
index 442 layer layer3.5.conv2 scheme (2, 4)bits Ltilde 0.228498
index 443 layer layer3.5.conv2 scheme (2, 8)bits Ltilde 0.222432
index 444 layer layer3.5.conv2 scheme (4, 2)bits Ltilde 0.325814
index 445 layer layer3.5.conv2 scheme (4, 4)bits Ltilde 0.198840
index 446 layer layer3.5.conv2 scheme (4, 8)bits Ltilde 0.193700
index 447 layer layer3.5.conv2 scheme (8, 2)bits Ltilde 0.322946
index 448 layer layer3.5.conv2 scheme (8, 4)bits Ltilde 0.197787
index 449 layer layer3.5.conv2 scheme (8, 8)bits Ltilde 0.192951
index 450 layer layer3.6.conv1 scheme (2, 2)bits Ltilde 1.440646
index 451 layer layer3.6.conv1 scheme (2, 4)bits Ltilde 0.278226
index 452 layer layer3.6.conv1 scheme (2, 8)bits Ltilde 0.250202
index 453 layer layer3.6.conv1 scheme (4, 2)bits Ltilde 1.486518
index 454 layer layer3.6.conv1 scheme (4, 4)bits Ltilde 0.231135
index 455 layer layer3.6.conv1 scheme (4, 8)bits Ltilde 0.195641
index 456 layer layer3.6.conv1 scheme (8, 2)bits Ltilde 1.494197
index 457 layer layer3.6.conv1 scheme (8, 4)bits Ltilde 0.230021
index 458 layer layer3.6.conv1 scheme (8, 8)bits Ltilde 0.194544
index 459 layer layer3.6.conv2 scheme (2, 2)bits Ltilde 0.421566
index 460 layer layer3.6.conv2 scheme (2, 4)bits Ltilde 0.226073
index 461 layer layer3.6.conv2 scheme (2, 8)bits Ltilde 0.215044
index 462 layer layer3.6.conv2 scheme (4, 2)bits Ltilde 0.384252
index 463 layer layer3.6.conv2 scheme (4, 4)bits Ltilde 0.202785
index 464 layer layer3.6.conv2 scheme (4, 8)bits Ltilde 0.194184
index 465 layer layer3.6.conv2 scheme (8, 2)bits Ltilde 0.381604
index 466 layer layer3.6.conv2 scheme (8, 4)bits Ltilde 0.201380
index 467 layer layer3.6.conv2 scheme (8, 8)bits Ltilde 0.193143
index 468 layer layer3.7.conv1 scheme (2, 2)bits Ltilde 0.549354
index 469 layer layer3.7.conv1 scheme (2, 4)bits Ltilde 0.252273
index 470 layer layer3.7.conv1 scheme (2, 8)bits Ltilde 0.247097
index 471 layer layer3.7.conv1 scheme (4, 2)bits Ltilde 0.431614
index 472 layer layer3.7.conv1 scheme (4, 4)bits Ltilde 0.195496
index 473 layer layer3.7.conv1 scheme (4, 8)bits Ltilde 0.195242
index 474 layer layer3.7.conv1 scheme (8, 2)bits Ltilde 0.423635
index 475 layer layer3.7.conv1 scheme (8, 4)bits Ltilde 0.191871
index 476 layer layer3.7.conv1 scheme (8, 8)bits Ltilde 0.192323
index 477 layer layer3.7.conv2 scheme (2, 2)bits Ltilde 0.245982
index 478 layer layer3.7.conv2 scheme (2, 4)bits Ltilde 0.194384
index 479 layer layer3.7.conv2 scheme (2, 8)bits Ltilde 0.193235
index 480 layer layer3.7.conv2 scheme (4, 2)bits Ltilde 0.231146
index 481 layer layer3.7.conv2 scheme (4, 4)bits Ltilde 0.191990
index 482 layer layer3.7.conv2 scheme (4, 8)bits Ltilde 0.192787
index 483 layer layer3.7.conv2 scheme (8, 2)bits Ltilde 0.230500
index 484 layer layer3.7.conv2 scheme (8, 4)bits Ltilde 0.191350
index 485 layer layer3.7.conv2 scheme (8, 8)bits Ltilde 0.192477
index 486 layer layer3.8.conv1 scheme (2, 2)bits Ltilde 0.326916
index 487 layer layer3.8.conv1 scheme (2, 4)bits Ltilde 0.198433
index 488 layer layer3.8.conv1 scheme (2, 8)bits Ltilde 0.202565
index 489 layer layer3.8.conv1 scheme (4, 2)bits Ltilde 0.280373
index 490 layer layer3.8.conv1 scheme (4, 4)bits Ltilde 0.187560
index 491 layer layer3.8.conv1 scheme (4, 8)bits Ltilde 0.192888
index 492 layer layer3.8.conv1 scheme (8, 2)bits Ltilde 0.278727
index 493 layer layer3.8.conv1 scheme (8, 4)bits Ltilde 0.187720
index 494 layer layer3.8.conv1 scheme (8, 8)bits Ltilde 0.193071
index 495 layer layer3.8.conv2 scheme (2, 2)bits Ltilde 0.215918
index 496 layer layer3.8.conv2 scheme (2, 4)bits Ltilde 0.190808
index 497 layer layer3.8.conv2 scheme (2, 8)bits Ltilde 0.189367
index 498 layer layer3.8.conv2 scheme (4, 2)bits Ltilde 0.208983
index 499 layer layer3.8.conv2 scheme (4, 4)bits Ltilde 0.192493
index 500 layer layer3.8.conv2 scheme (4, 8)bits Ltilde 0.192650
index 501 layer layer3.8.conv2 scheme (8, 2)bits Ltilde 0.208124
index 502 layer layer3.8.conv2 scheme (8, 4)bits Ltilde 0.192474
index 503 layer layer3.8.conv2 scheme (8, 8)bits Ltilde 0.192842
delete 0: (2, 2)bits
delete 1: (2, 4)bits
delete 2: (2, 8)bits
delete 3: (4, 2)bits
delete 4: (4, 4)bits
delete 5: (4, 8)bits
delete 9: (2, 2)bits
delete 10: (2, 4)bits
delete 11: (2, 8)bits
delete 12: (4, 2)bits
delete 13: (4, 4)bits
delete 14: (4, 8)bits
delete 18: (2, 2)bits
delete 19: (2, 4)bits
delete 20: (2, 8)bits
delete 21: (4, 2)bits
delete 22: (4, 4)bits
delete 23: (4, 8)bits
delete 27: (2, 2)bits
delete 28: (2, 4)bits
delete 29: (2, 8)bits
delete 30: (4, 2)bits
delete 31: (4, 4)bits
delete 32: (4, 8)bits
delete 36: (2, 2)bits
delete 37: (2, 4)bits
delete 38: (2, 8)bits
delete 39: (4, 2)bits
delete 40: (4, 4)bits
delete 41: (4, 8)bits
delete 45: (2, 2)bits
delete 46: (2, 4)bits
delete 47: (2, 8)bits
delete 48: (4, 2)bits
delete 49: (4, 4)bits
delete 50: (4, 8)bits
delete 54: (2, 2)bits
delete 55: (2, 4)bits
delete 56: (2, 8)bits
delete 57: (4, 2)bits
delete 58: (4, 4)bits
delete 59: (4, 8)bits
delete 63: (2, 2)bits
delete 64: (2, 4)bits
delete 65: (2, 8)bits
delete 66: (4, 2)bits
delete 67: (4, 4)bits
delete 68: (4, 8)bits
delete 72: (2, 2)bits
delete 73: (2, 4)bits
delete 74: (2, 8)bits
delete 75: (4, 2)bits
delete 76: (4, 4)bits
delete 77: (4, 8)bits
delete 81: (2, 2)bits
delete 82: (2, 4)bits
delete 83: (2, 8)bits
delete 84: (4, 2)bits
delete 85: (4, 4)bits
delete 86: (4, 8)bits
delete 90: (2, 2)bits
delete 91: (2, 4)bits
delete 92: (2, 8)bits
delete 93: (4, 2)bits
delete 94: (4, 4)bits
delete 95: (4, 8)bits
delete 99: (2, 2)bits
delete 100: (2, 4)bits
delete 101: (2, 8)bits
delete 102: (4, 2)bits
delete 103: (4, 4)bits
delete 104: (4, 8)bits
delete 108: (2, 2)bits
delete 109: (2, 4)bits
delete 110: (2, 8)bits
delete 111: (4, 2)bits
delete 112: (4, 4)bits
delete 113: (4, 8)bits
delete 117: (2, 2)bits
delete 118: (2, 4)bits
delete 119: (2, 8)bits
delete 120: (4, 2)bits
delete 121: (4, 4)bits
delete 122: (4, 8)bits
delete 126: (2, 2)bits
delete 127: (2, 4)bits
delete 128: (2, 8)bits
delete 129: (4, 2)bits
delete 130: (4, 4)bits
delete 131: (4, 8)bits
delete 135: (2, 2)bits
delete 136: (2, 4)bits
delete 137: (2, 8)bits
delete 138: (4, 2)bits
delete 139: (4, 4)bits
delete 140: (4, 8)bits
delete 144: (2, 2)bits
delete 145: (2, 4)bits
delete 146: (2, 8)bits
delete 147: (4, 2)bits
delete 148: (4, 4)bits
delete 149: (4, 8)bits
delete 153: (2, 2)bits
delete 154: (2, 4)bits
delete 155: (2, 8)bits
delete 156: (4, 2)bits
delete 157: (4, 4)bits
delete 158: (4, 8)bits
delete 162: (2, 2)bits
delete 163: (2, 4)bits
delete 164: (2, 8)bits
delete 165: (4, 2)bits
delete 166: (4, 4)bits
delete 167: (4, 8)bits
delete 171: (2, 2)bits
delete 172: (2, 4)bits
delete 173: (2, 8)bits
delete 174: (4, 2)bits
delete 175: (4, 4)bits
delete 176: (4, 8)bits
delete 180: (2, 2)bits
delete 181: (2, 4)bits
delete 182: (2, 8)bits
delete 183: (4, 2)bits
delete 184: (4, 4)bits
delete 185: (4, 8)bits
delete 189: (2, 2)bits
delete 190: (2, 4)bits
delete 191: (2, 8)bits
delete 192: (4, 2)bits
delete 193: (4, 4)bits
delete 194: (4, 8)bits
delete 198: (2, 2)bits
delete 199: (2, 4)bits
delete 200: (2, 8)bits
delete 201: (4, 2)bits
delete 202: (4, 4)bits
delete 203: (4, 8)bits
delete 207: (2, 2)bits
delete 208: (2, 4)bits
delete 209: (2, 8)bits
delete 210: (4, 2)bits
delete 211: (4, 4)bits
delete 212: (4, 8)bits
delete 216: (2, 2)bits
delete 217: (2, 4)bits
delete 218: (2, 8)bits
delete 219: (4, 2)bits
delete 220: (4, 4)bits
delete 221: (4, 8)bits
delete 225: (2, 2)bits
delete 226: (2, 4)bits
delete 227: (2, 8)bits
delete 228: (4, 2)bits
delete 229: (4, 4)bits
delete 230: (4, 8)bits
delete 234: (2, 2)bits
delete 235: (2, 4)bits
delete 236: (2, 8)bits
delete 237: (4, 2)bits
delete 238: (4, 4)bits
delete 239: (4, 8)bits
delete 243: (2, 2)bits
delete 244: (2, 4)bits
delete 245: (2, 8)bits
delete 246: (4, 2)bits
delete 247: (4, 4)bits
delete 248: (4, 8)bits
delete 252: (2, 2)bits
delete 253: (2, 4)bits
delete 254: (2, 8)bits
delete 255: (4, 2)bits
delete 256: (4, 4)bits
delete 257: (4, 8)bits
delete 261: (2, 2)bits
delete 262: (2, 4)bits
delete 263: (2, 8)bits
delete 264: (4, 2)bits
delete 265: (4, 4)bits
delete 266: (4, 8)bits
delete 270: (2, 2)bits
delete 271: (2, 4)bits
delete 272: (2, 8)bits
delete 273: (4, 2)bits
delete 274: (4, 4)bits
delete 275: (4, 8)bits
delete 279: (2, 2)bits
delete 280: (2, 4)bits
delete 281: (2, 8)bits
delete 282: (4, 2)bits
delete 283: (4, 4)bits
delete 284: (4, 8)bits
delete 288: (2, 2)bits
delete 289: (2, 4)bits
delete 290: (2, 8)bits
delete 291: (4, 2)bits
delete 292: (4, 4)bits
delete 293: (4, 8)bits
delete 297: (2, 2)bits
delete 298: (2, 4)bits
delete 299: (2, 8)bits
delete 300: (4, 2)bits
delete 301: (4, 4)bits
delete 302: (4, 8)bits
delete 306: (2, 2)bits
delete 307: (2, 4)bits
delete 308: (2, 8)bits
delete 309: (4, 2)bits
delete 310: (4, 4)bits
delete 311: (4, 8)bits
delete 315: (2, 2)bits
delete 316: (2, 4)bits
delete 317: (2, 8)bits
delete 318: (4, 2)bits
delete 319: (4, 4)bits
delete 320: (4, 8)bits
delete 324: (2, 2)bits
delete 325: (2, 4)bits
delete 326: (2, 8)bits
delete 327: (4, 2)bits
delete 328: (4, 4)bits
delete 329: (4, 8)bits
delete 333: (2, 2)bits
delete 334: (2, 4)bits
delete 335: (2, 8)bits
delete 336: (4, 2)bits
delete 337: (4, 4)bits
delete 338: (4, 8)bits
delete 342: (2, 2)bits
delete 343: (2, 4)bits
delete 344: (2, 8)bits
delete 345: (4, 2)bits
delete 346: (4, 4)bits
delete 347: (4, 8)bits
delete 351: (2, 2)bits
delete 352: (2, 4)bits
delete 353: (2, 8)bits
delete 354: (4, 2)bits
delete 355: (4, 4)bits
delete 356: (4, 8)bits
delete 360: (2, 2)bits
delete 361: (2, 4)bits
delete 362: (2, 8)bits
delete 363: (4, 2)bits
delete 364: (4, 4)bits
delete 365: (4, 8)bits
delete 369: (2, 2)bits
delete 370: (2, 4)bits
delete 371: (2, 8)bits
delete 372: (4, 2)bits
delete 373: (4, 4)bits
delete 374: (4, 8)bits
delete 378: (2, 2)bits
delete 379: (2, 4)bits
delete 380: (2, 8)bits
delete 381: (4, 2)bits
delete 382: (4, 4)bits
delete 383: (4, 8)bits
delete 387: (2, 2)bits
delete 388: (2, 4)bits
delete 389: (2, 8)bits
delete 390: (4, 2)bits
delete 391: (4, 4)bits
delete 392: (4, 8)bits
delete 396: (2, 2)bits
delete 397: (2, 4)bits
delete 398: (2, 8)bits
delete 399: (4, 2)bits
delete 400: (4, 4)bits
delete 401: (4, 8)bits
delete 405: (2, 2)bits
delete 406: (2, 4)bits
delete 407: (2, 8)bits
delete 408: (4, 2)bits
delete 409: (4, 4)bits
delete 410: (4, 8)bits
delete 414: (2, 2)bits
delete 415: (2, 4)bits
delete 416: (2, 8)bits
delete 417: (4, 2)bits
delete 418: (4, 4)bits
delete 419: (4, 8)bits
delete 423: (2, 2)bits
delete 424: (2, 4)bits
delete 425: (2, 8)bits
delete 426: (4, 2)bits
delete 427: (4, 4)bits
delete 428: (4, 8)bits
delete 432: (2, 2)bits
delete 433: (2, 4)bits
delete 434: (2, 8)bits
delete 435: (4, 2)bits
delete 436: (4, 4)bits
delete 437: (4, 8)bits
delete 441: (2, 2)bits
delete 442: (2, 4)bits
delete 443: (2, 8)bits
delete 444: (4, 2)bits
delete 445: (4, 4)bits
delete 446: (4, 8)bits
delete 450: (2, 2)bits
delete 451: (2, 4)bits
delete 452: (2, 8)bits
delete 453: (4, 2)bits
delete 454: (4, 4)bits
delete 455: (4, 8)bits
delete 459: (2, 2)bits
delete 460: (2, 4)bits
delete 461: (2, 8)bits
delete 462: (4, 2)bits
delete 463: (4, 4)bits
delete 464: (4, 8)bits
delete 468: (2, 2)bits
delete 469: (2, 4)bits
delete 470: (2, 8)bits
delete 471: (4, 2)bits
delete 472: (4, 4)bits
delete 473: (4, 8)bits
delete 477: (2, 2)bits
delete 478: (2, 4)bits
delete 479: (2, 8)bits
delete 480: (4, 2)bits
delete 481: (4, 4)bits
delete 482: (4, 8)bits
delete 486: (2, 2)bits
delete 487: (2, 4)bits
delete 488: (2, 8)bits
delete 489: (4, 2)bits
delete 490: (4, 4)bits
delete 491: (4, 8)bits
delete 495: (2, 2)bits
delete 496: (2, 4)bits
delete 497: (2, 8)bits
delete 498: (4, 2)bits
delete 499: (4, 4)bits
delete 500: (4, 8)bits
Set size bound to 0.5 MB
Restricted license - for non-production use only - expires 2023-10-25
